# Logfile created on 2014-01-24 22:38:23 -0700 by logger.rb/36483
I, [2014-01-24T22:38:23.816159 #13783]  INFO -- : 0:  i18n (0.6.9) from /Users/erich/.rvm/gems/ruby-2.0.0-p247/specifications/i18n-0.6.9.gemspec
I, [2014-01-24T22:38:23.816573 #13783]  INFO -- : 0:  multi_json (1.8.4) from /Users/erich/.rvm/gems/ruby-2.0.0-p247/specifications/multi_json-1.8.4.gemspec
I, [2014-01-24T22:38:23.816848 #13783]  INFO -- : 0:  activesupport (3.2.16) from /Users/erich/.rvm/gems/ruby-2.0.0-p247/specifications/activesupport-3.2.16.gemspec
I, [2014-01-24T22:38:23.817128 #13783]  INFO -- : 0:  builder (3.0.4) from /Users/erich/.rvm/gems/ruby-2.0.0-p247/specifications/builder-3.0.4.gemspec
I, [2014-01-24T22:38:23.817400 #13783]  INFO -- : 0:  activemodel (3.2.16) from /Users/erich/.rvm/gems/ruby-2.0.0-p247/specifications/activemodel-3.2.16.gemspec
I, [2014-01-24T22:38:23.817650 #13783]  INFO -- : 0:  json (1.8.1) from /Users/erich/.rvm/gems/ruby-2.0.0-p247/specifications/json-1.8.1.gemspec
I, [2014-01-24T22:38:23.817899 #13783]  INFO -- : 0:  moped (1.5.1) from /Users/erich/.rvm/gems/ruby-2.0.0-p247/specifications/moped-1.5.1.gemspec
I, [2014-01-24T22:38:23.818146 #13783]  INFO -- : 0:  origin (1.1.0) from /Users/erich/.rvm/gems/ruby-2.0.0-p247/specifications/origin-1.1.0.gemspec
I, [2014-01-24T22:38:23.818399 #13783]  INFO -- : 0:  tzinfo (0.3.38) from /Users/erich/.rvm/gems/ruby-2.0.0-p247/specifications/tzinfo-0.3.38.gemspec
I, [2014-01-24T22:38:23.818648 #13783]  INFO -- : 0:  mongoid (3.1.6) from /Users/erich/.rvm/gems/ruby-2.0.0-p247/specifications/mongoid-3.1.6.gemspec
I, [2014-01-24T22:38:23.818894 #13783]  INFO -- : 0:  rack (1.5.2) from /Users/erich/.rvm/gems/ruby-2.0.0-p247/specifications/rack-1.5.2.gemspec
I, [2014-01-24T22:38:27.158100 #13783]  INFO -- : 0:  redcarpet (3.0.0) from /Users/erich/.rvm/gems/ruby-2.0.0-p247/specifications/redcarpet-3.0.0.gemspec
I, [2014-01-24T22:38:28.479806 #13783]  INFO -- : 0:  sinatra (1.0) from /Users/erich/.rvm/gems/ruby-2.0.0-p247/specifications/sinatra-1.0.gemspec
I, [2014-01-24T22:38:30.108478 #13783]  INFO -- : 0:  temple (0.6.7) from /Users/erich/.rvm/gems/ruby-2.0.0-p247/specifications/temple-0.6.7.gemspec
I, [2014-01-24T22:38:30.108938 #13783]  INFO -- : 0:  tilt (2.0.0) from /Users/erich/.rvm/gems/ruby-2.0.0-p247/specifications/tilt-2.0.0.gemspec
I, [2014-01-24T22:38:32.024879 #13783]  INFO -- : 0:  slim (2.0.2) from /Users/erich/.rvm/gems/ruby-2.0.0-p247/specifications/slim-2.0.2.gemspec
I, [2014-01-24T22:38:32.025396 #13783]  INFO -- : 0:  bundler (1.5.1) from /Users/erich/.rvm/gems/ruby-2.0.0-p247/specifications/bundler-1.5.1.gemspec
I, [2014-01-24T22:39:17.540133 #13916]  INFO -- : 0:  i18n (0.6.9) from /Users/erich/.rvm/gems/ruby-2.0.0-p247/specifications/i18n-0.6.9.gemspec
I, [2014-01-24T22:39:17.540521 #13916]  INFO -- : 0:  multi_json (1.8.4) from /Users/erich/.rvm/gems/ruby-2.0.0-p247/specifications/multi_json-1.8.4.gemspec
I, [2014-01-24T22:39:17.540789 #13916]  INFO -- : 0:  activesupport (3.2.16) from /Users/erich/.rvm/gems/ruby-2.0.0-p247/specifications/activesupport-3.2.16.gemspec
I, [2014-01-24T22:39:17.541058 #13916]  INFO -- : 0:  builder (3.0.4) from /Users/erich/.rvm/gems/ruby-2.0.0-p247/specifications/builder-3.0.4.gemspec
I, [2014-01-24T22:39:17.541307 #13916]  INFO -- : 0:  activemodel (3.2.16) from /Users/erich/.rvm/gems/ruby-2.0.0-p247/specifications/activemodel-3.2.16.gemspec
I, [2014-01-24T22:39:17.541552 #13916]  INFO -- : 0:  json (1.8.1) from /Users/erich/.rvm/gems/ruby-2.0.0-p247/specifications/json-1.8.1.gemspec
I, [2014-01-24T22:39:17.541796 #13916]  INFO -- : 0:  moped (1.5.1) from /Users/erich/.rvm/gems/ruby-2.0.0-p247/specifications/moped-1.5.1.gemspec
I, [2014-01-24T22:39:17.542036 #13916]  INFO -- : 0:  origin (1.1.0) from /Users/erich/.rvm/gems/ruby-2.0.0-p247/specifications/origin-1.1.0.gemspec
I, [2014-01-24T22:39:17.542273 #13916]  INFO -- : 0:  tzinfo (0.3.38) from /Users/erich/.rvm/gems/ruby-2.0.0-p247/specifications/tzinfo-0.3.38.gemspec
I, [2014-01-24T22:39:17.542503 #13916]  INFO -- : 0:  mongoid (3.1.6) from /Users/erich/.rvm/gems/ruby-2.0.0-p247/specifications/mongoid-3.1.6.gemspec
I, [2014-01-24T22:39:17.542751 #13916]  INFO -- : 0:  rack (1.5.2) from /Users/erich/.rvm/gems/ruby-2.0.0-p247/specifications/rack-1.5.2.gemspec
I, [2014-01-24T22:39:17.542984 #13916]  INFO -- : 0:  redcarpet (3.0.0) from /Users/erich/.rvm/gems/ruby-2.0.0-p247/specifications/redcarpet-3.0.0.gemspec
I, [2014-01-24T22:39:17.543219 #13916]  INFO -- : 0:  sinatra (1.0) from /Users/erich/.rvm/gems/ruby-2.0.0-p247/specifications/sinatra-1.0.gemspec
I, [2014-01-24T22:39:17.543450 #13916]  INFO -- : 0:  temple (0.6.7) from /Users/erich/.rvm/gems/ruby-2.0.0-p247/specifications/temple-0.6.7.gemspec
I, [2014-01-24T22:39:17.543682 #13916]  INFO -- : 0:  tilt (2.0.0) from /Users/erich/.rvm/gems/ruby-2.0.0-p247/specifications/tilt-2.0.0.gemspec
I, [2014-01-24T22:39:17.543906 #13916]  INFO -- : 0:  slim (2.0.2) from /Users/erich/.rvm/gems/ruby-2.0.0-p247/specifications/slim-2.0.2.gemspec
I, [2014-01-24T22:39:17.544125 #13916]  INFO -- : 0:  bundler (1.5.1) from /Users/erich/.rvm/gems/ruby-2.0.0-p247/specifications/bundler-1.5.1.gemspec
I, [2014-01-24T22:40:01.759864 #13925]  INFO -- : 0:  i18n (0.6.9) from /Users/erich/.rvm/gems/ruby-2.0.0-p247/specifications/i18n-0.6.9.gemspec
I, [2014-01-24T22:40:01.760244 #13925]  INFO -- : 0:  multi_json (1.8.4) from /Users/erich/.rvm/gems/ruby-2.0.0-p247/specifications/multi_json-1.8.4.gemspec
I, [2014-01-24T22:40:01.760508 #13925]  INFO -- : 0:  activesupport (3.2.16) from /Users/erich/.rvm/gems/ruby-2.0.0-p247/specifications/activesupport-3.2.16.gemspec
I, [2014-01-24T22:40:01.760767 #13925]  INFO -- : 0:  builder (3.0.4) from /Users/erich/.rvm/gems/ruby-2.0.0-p247/specifications/builder-3.0.4.gemspec
I, [2014-01-24T22:40:01.761013 #13925]  INFO -- : 0:  activemodel (3.2.16) from /Users/erich/.rvm/gems/ruby-2.0.0-p247/specifications/activemodel-3.2.16.gemspec
I, [2014-01-24T22:40:01.761254 #13925]  INFO -- : 0:  json (1.8.1) from /Users/erich/.rvm/gems/ruby-2.0.0-p247/specifications/json-1.8.1.gemspec
I, [2014-01-24T22:40:01.761488 #13925]  INFO -- : 0:  moped (1.5.1) from /Users/erich/.rvm/gems/ruby-2.0.0-p247/specifications/moped-1.5.1.gemspec
I, [2014-01-24T22:40:01.761721 #13925]  INFO -- : 0:  origin (1.1.0) from /Users/erich/.rvm/gems/ruby-2.0.0-p247/specifications/origin-1.1.0.gemspec
I, [2014-01-24T22:40:01.761961 #13925]  INFO -- : 0:  tzinfo (0.3.38) from /Users/erich/.rvm/gems/ruby-2.0.0-p247/specifications/tzinfo-0.3.38.gemspec
I, [2014-01-24T22:40:01.762200 #13925]  INFO -- : 0:  mongoid (3.1.6) from /Users/erich/.rvm/gems/ruby-2.0.0-p247/specifications/mongoid-3.1.6.gemspec
I, [2014-01-24T22:40:01.762442 #13925]  INFO -- : 0:  rack (1.5.2) from /Users/erich/.rvm/gems/ruby-2.0.0-p247/specifications/rack-1.5.2.gemspec
I, [2014-01-24T22:40:01.762686 #13925]  INFO -- : 0:  redcarpet (3.0.0) from /Users/erich/.rvm/gems/ruby-2.0.0-p247/specifications/redcarpet-3.0.0.gemspec
I, [2014-01-24T22:40:01.762917 #13925]  INFO -- : 0:  sinatra (1.0) from /Users/erich/.rvm/gems/ruby-2.0.0-p247/specifications/sinatra-1.0.gemspec
I, [2014-01-24T22:40:01.763145 #13925]  INFO -- : 0:  bundler (1.5.1) from /Users/erich/.rvm/gems/ruby-2.0.0-p247/specifications/bundler-1.5.1.gemspec
I, [2014-01-25T12:03:26.833553 #18083]  INFO -- : 0:  i18n (0.6.9) from /Users/erich/.rvm/gems/ruby-2.0.0-p247/specifications/i18n-0.6.9.gemspec
I, [2014-01-25T12:03:26.834176 #18083]  INFO -- : 0:  multi_json (1.8.4) from /Users/erich/.rvm/gems/ruby-2.0.0-p247/specifications/multi_json-1.8.4.gemspec
I, [2014-01-25T12:03:26.834616 #18083]  INFO -- : 0:  activesupport (3.2.16) from /Users/erich/.rvm/gems/ruby-2.0.0-p247/specifications/activesupport-3.2.16.gemspec
I, [2014-01-25T12:03:26.835026 #18083]  INFO -- : 0:  builder (3.0.4) from /Users/erich/.rvm/gems/ruby-2.0.0-p247/specifications/builder-3.0.4.gemspec
I, [2014-01-25T12:03:26.835418 #18083]  INFO -- : 0:  activemodel (3.2.16) from /Users/erich/.rvm/gems/ruby-2.0.0-p247/specifications/activemodel-3.2.16.gemspec
I, [2014-01-25T12:03:26.835798 #18083]  INFO -- : 0:  bson (1.9.2) from /Users/erich/.rvm/gems/ruby-2.0.0-p247/specifications/bson-1.9.2.gemspec
I, [2014-01-25T12:03:26.836188 #18083]  INFO -- : 0:  bson_ext (1.9.2) from /Users/erich/.rvm/gems/ruby-2.0.0-p247/specifications/bson_ext-1.9.2.gemspec
I, [2014-01-25T12:03:26.836577 #18083]  INFO -- : 0:  json (1.8.1) from /Users/erich/.rvm/gems/ruby-2.0.0-p247/specifications/json-1.8.1.gemspec
I, [2014-01-25T12:03:26.836965 #18083]  INFO -- : 0:  moped (1.5.1) from /Users/erich/.rvm/gems/ruby-2.0.0-p247/specifications/moped-1.5.1.gemspec
I, [2014-01-25T12:03:26.837343 #18083]  INFO -- : 0:  origin (1.1.0) from /Users/erich/.rvm/gems/ruby-2.0.0-p247/specifications/origin-1.1.0.gemspec
I, [2014-01-25T12:03:26.837708 #18083]  INFO -- : 0:  tzinfo (0.3.38) from /Users/erich/.rvm/gems/ruby-2.0.0-p247/specifications/tzinfo-0.3.38.gemspec
I, [2014-01-25T12:03:26.838086 #18083]  INFO -- : 0:  mongoid (3.1.6) from /Users/erich/.rvm/gems/ruby-2.0.0-p247/specifications/mongoid-3.1.6.gemspec
I, [2014-01-25T12:03:26.838462 #18083]  INFO -- : 0:  rack (1.5.2) from /Users/erich/.rvm/gems/ruby-2.0.0-p247/specifications/rack-1.5.2.gemspec
I, [2014-01-25T12:03:26.838847 #18083]  INFO -- : 0:  sinatra (1.0) from /Users/erich/.rvm/gems/ruby-2.0.0-p247/specifications/sinatra-1.0.gemspec
I, [2014-01-25T12:03:26.839206 #18083]  INFO -- : 0:  bundler (1.5.1) from /Users/erich/.rvm/gems/ruby-2.0.0-p247/specifications/bundler-1.5.1.gemspec
I, [2014-01-25T12:54:54.912319 #18372]  INFO -- : 0:  i18n (0.6.9) from /Users/erich/.rvm/gems/ruby-2.0.0-p247/specifications/i18n-0.6.9.gemspec
I, [2014-01-25T12:54:54.912727 #18372]  INFO -- : 0:  multi_json (1.8.4) from /Users/erich/.rvm/gems/ruby-2.0.0-p247/specifications/multi_json-1.8.4.gemspec
I, [2014-01-25T12:54:54.913111 #18372]  INFO -- : 0:  activesupport (3.2.16) from /Users/erich/.rvm/gems/ruby-2.0.0-p247/specifications/activesupport-3.2.16.gemspec
I, [2014-01-25T12:54:54.913563 #18372]  INFO -- : 0:  builder (3.0.4) from /Users/erich/.rvm/gems/ruby-2.0.0-p247/specifications/builder-3.0.4.gemspec
I, [2014-01-25T12:54:54.914003 #18372]  INFO -- : 0:  activemodel (3.2.16) from /Users/erich/.rvm/gems/ruby-2.0.0-p247/specifications/activemodel-3.2.16.gemspec
I, [2014-01-25T12:54:54.914397 #18372]  INFO -- : 0:  bson (1.9.2) from /Users/erich/.rvm/gems/ruby-2.0.0-p247/specifications/bson-1.9.2.gemspec
I, [2014-01-25T12:54:54.914766 #18372]  INFO -- : 0:  bson_ext (1.9.2) from /Users/erich/.rvm/gems/ruby-2.0.0-p247/specifications/bson_ext-1.9.2.gemspec
I, [2014-01-25T12:54:54.915029 #18372]  INFO -- : 0:  json (1.8.1) from /Users/erich/.rvm/gems/ruby-2.0.0-p247/specifications/json-1.8.1.gemspec
I, [2014-01-25T12:54:54.915283 #18372]  INFO -- : 0:  moped (1.5.1) from /Users/erich/.rvm/gems/ruby-2.0.0-p247/specifications/moped-1.5.1.gemspec
I, [2014-01-25T12:54:54.915532 #18372]  INFO -- : 0:  origin (1.1.0) from /Users/erich/.rvm/gems/ruby-2.0.0-p247/specifications/origin-1.1.0.gemspec
I, [2014-01-25T12:54:54.915778 #18372]  INFO -- : 0:  tzinfo (0.3.38) from /Users/erich/.rvm/gems/ruby-2.0.0-p247/specifications/tzinfo-0.3.38.gemspec
I, [2014-01-25T12:54:54.916015 #18372]  INFO -- : 0:  mongoid (3.1.6) from /Users/erich/.rvm/gems/ruby-2.0.0-p247/specifications/mongoid-3.1.6.gemspec
I, [2014-01-25T12:54:54.916252 #18372]  INFO -- : 0:  rack (1.5.2) from /Users/erich/.rvm/gems/ruby-2.0.0-p247/specifications/rack-1.5.2.gemspec
I, [2014-01-25T12:54:54.916491 #18372]  INFO -- : 0:  sinatra (1.0) from /Users/erich/.rvm/gems/ruby-2.0.0-p247/specifications/sinatra-1.0.gemspec
I, [2014-01-25T12:54:54.916720 #18372]  INFO -- : 0:  bundler (1.5.1) from /Users/erich/.rvm/gems/ruby-2.0.0-p247/specifications/bundler-1.5.1.gemspec
I, [2014-01-25T15:32:44.870753 #19388]  INFO -- : 0:  i18n (0.6.9) from /Users/erich/.rvm/gems/ruby-2.0.0-p247/specifications/i18n-0.6.9.gemspec
I, [2014-01-25T15:32:44.871145 #19388]  INFO -- : 0:  multi_json (1.8.4) from /Users/erich/.rvm/gems/ruby-2.0.0-p247/specifications/multi_json-1.8.4.gemspec
I, [2014-01-25T15:32:44.871472 #19388]  INFO -- : 0:  activesupport (3.2.16) from /Users/erich/.rvm/gems/ruby-2.0.0-p247/specifications/activesupport-3.2.16.gemspec
I, [2014-01-25T15:32:44.871806 #19388]  INFO -- : 0:  builder (3.0.4) from /Users/erich/.rvm/gems/ruby-2.0.0-p247/specifications/builder-3.0.4.gemspec
I, [2014-01-25T15:32:44.872103 #19388]  INFO -- : 0:  activemodel (3.2.16) from /Users/erich/.rvm/gems/ruby-2.0.0-p247/specifications/activemodel-3.2.16.gemspec
I, [2014-01-25T15:32:44.872393 #19388]  INFO -- : 0:  bson (1.9.2) from /Users/erich/.rvm/gems/ruby-2.0.0-p247/specifications/bson-1.9.2.gemspec
I, [2014-01-25T15:32:44.872676 #19388]  INFO -- : 0:  bson_ext (1.9.2) from /Users/erich/.rvm/gems/ruby-2.0.0-p247/specifications/bson_ext-1.9.2.gemspec
I, [2014-01-25T15:32:44.872961 #19388]  INFO -- : 0:  json (1.8.1) from /Users/erich/.rvm/gems/ruby-2.0.0-p247/specifications/json-1.8.1.gemspec
I, [2014-01-25T15:32:44.873247 #19388]  INFO -- : 0:  moped (1.5.1) from /Users/erich/.rvm/gems/ruby-2.0.0-p247/specifications/moped-1.5.1.gemspec
I, [2014-01-25T15:32:44.873530 #19388]  INFO -- : 0:  origin (1.1.0) from /Users/erich/.rvm/gems/ruby-2.0.0-p247/specifications/origin-1.1.0.gemspec
I, [2014-01-25T15:32:44.873822 #19388]  INFO -- : 0:  tzinfo (0.3.38) from /Users/erich/.rvm/gems/ruby-2.0.0-p247/specifications/tzinfo-0.3.38.gemspec
I, [2014-01-25T15:32:44.874100 #19388]  INFO -- : 0:  mongoid (3.1.6) from /Users/erich/.rvm/gems/ruby-2.0.0-p247/specifications/mongoid-3.1.6.gemspec
I, [2014-01-25T15:32:44.874381 #19388]  INFO -- : 0:  rack (1.5.2) from /Users/erich/.rvm/gems/ruby-2.0.0-p247/specifications/rack-1.5.2.gemspec
I, [2014-01-25T15:32:44.874661 #19388]  INFO -- : 0:  sinatra (1.0) from /Users/erich/.rvm/gems/ruby-2.0.0-p247/specifications/sinatra-1.0.gemspec
I, [2014-01-25T15:32:44.874934 #19388]  INFO -- : 0:  bundler (1.5.1) from /Users/erich/.rvm/gems/ruby-2.0.0-p247/specifications/bundler-1.5.1.gemspec
